This file contains any messages produced by compilers while
running configure, to aid debugging if configure makes a mistake.

It was created by cpuminer configure 2.3.2, which was
generated by GNU Autoconf 2.69.  Invocation command line was

  $ ./configure --host=i686-w64-mingw32 CFLAGS=-msse4.1 -DWIN32 -DCURL_STATICLIB -O3 -I/home/user/win32_deps/include -DPTW32_STATIC_LIB --with-libcurl=/home/user/win32_deps LDFLAGS=-static -L/home/user/win32_deps/lib

## --------- ##
## Platform. ##
## --------- ##

hostname = android
uname -m = x86_64
uname -r = 4.15.0-24-generic
uname -s = Linux
uname -v = #26~16.04.1-Ubuntu SMP Fri Jun 15 14:35:08 UTC 2018

/usr/bin/uname -p = unknown
/bin/uname -X     = unknown

/bin/arch              = unknown
/usr/bin/arch -k       = unknown
/usr/convex/getsysinfo = unknown
/usr/bin/hostinfo      = unknown
/bin/machine           = unknown
/usr/bin/oslevel       = unknown
/bin/universe          = unknown

PATH: /home/user/.nvm/v0.10.25/bin
PATH: /home/user/java/maven/apache-maven-3.0.4/bin
PATH: /home/user/bin
PATH: /home/user/.local/bin
PATH: /usr/local/sbin
PATH: /usr/local/bin
PATH: /usr/sbin
PATH: /usr/bin
PATH: /sbin
PATH: /bin
PATH: /usr/games
PATH: /usr/local/games
PATH: /home/user/java/maven/apache-maven-3.0.4/bin
PATH: /snap/bin


## ----------- ##
## Core tests. ##
## ----------- ##

configure:2340: checking build system type
configure:2354: result: x86_64-pc-linux-gnu
configure:2374: checking host system type
configure:2387: result: i686-w64-mingw32
configure:2407: checking target system type
configure:2420: result: i686-w64-mingw32
configure:2464: checking for a BSD-compatible install
configure:2532: result: /usr/bin/install -c
configure:2543: checking whether build environment is sane
configure:2598: result: yes
configure:2657: checking for i686-w64-mingw32-strip
configure:2673: found /usr/bin/i686-w64-mingw32-strip
configure:2684: result: i686-w64-mingw32-strip
configure:2749: checking for a thread-safe mkdir -p
configure:2788: result: /bin/mkdir -p
configure:2795: checking for gawk
configure:2825: result: no
configure:2795: checking for mawk
configure:2811: found /usr/bin/mawk
configure:2822: result: mawk
configure:2833: checking whether make sets $(MAKE)
configure:2855: result: yes
configure:2884: checking whether make supports nested variables
configure:2901: result: yes
configure:3031: checking whether to enable maintainer-specific portions of Makefiles
configure:3040: result: no
configure:3066: checking for style of include used by make
configure:3094: result: GNU
configure:3125: checking for i686-w64-mingw32-gcc
configure:3141: found /usr/bin/i686-w64-mingw32-gcc
configure:3152: result: i686-w64-mingw32-gcc
configure:3421: checking for C compiler version
configure:3430: i686-w64-mingw32-gcc --version >&5
i686-w64-mingw32-gcc (GCC) 5.3.1 20160211
Copyright (C) 2015 Free Software Foundation, Inc.
This is free software; see the source for copying conditions.  There is NO
warranty; not even for MERCHANTABILITY or FITNESS FOR A PARTICULAR PURPOSE.

configure:3441: $? = 0
configure:3430: i686-w64-mingw32-gcc -v >&5
Using built-in specs.
COLLECT_GCC=i686-w64-mingw32-gcc
COLLECT_LTO_WRAPPER=/usr/lib/gcc/i686-w64-mingw32/5.3-win32/lto-wrapper
Target: i686-w64-mingw32
Configured with: ../../src/configure --build=x86_64-linux-gnu --prefix=/usr --includedir='/usr/include' --mandir='/usr/share/man' --infodir='/usr/share/info' --sysconfdir=/etc --localstatedir=/var --disable-silent-rules --libexecdir='/usr/lib/gcc-mingw-w64' --disable-maintainer-mode --disable-dependency-tracking --prefix=/usr --enable-shared --enable-static --disable-multilib --with-system-zlib --libexecdir=/usr/lib --without-included-gettext --libdir=/usr/lib --enable-libstdcxx-time=yes --with-tune=generic --enable-version-specific-runtime-libs --enable-fully-dynamic-string --enable-libgomp --enable-languages=c,c++,fortran,objc,obj-c++ --enable-lto --with-plugin-ld --enable-threads=win32 --program-suffix=-win32 --program-prefix=i686-w64-mingw32- --target=i686-w64-mingw32 --with-as=/usr/bin/i686-w64-mingw32-as --with-ld=/usr/bin/i686-w64-mingw32-ld --disable-libatomic
Thread model: win32
gcc version 5.3.1 20160211 (GCC) 
configure:3441: $? = 0
configure:3430: i686-w64-mingw32-gcc -V >&5
i686-w64-mingw32-gcc: error: unrecognized command line option '-V'
i686-w64-mingw32-gcc: fatal error: no input files
compilation terminated.
configure:3441: $? = 1
configure:3430: i686-w64-mingw32-gcc -qversion >&5
i686-w64-mingw32-gcc: error: unrecognized command line option '-qversion'
i686-w64-mingw32-gcc: fatal error: no input files
compilation terminated.
configure:3441: $? = 1
configure:3461: checking whether the C compiler works
configure:3483: i686-w64-mingw32-gcc -msse4.1 -DWIN32 -DCURL_STATICLIB -O3 -I/home/user/win32_deps/include -DPTW32_STATIC_LIB  -static -L/home/user/win32_deps/lib conftest.c  >&5
configure:3487: $? = 0
configure:3535: result: yes
configure:3538: checking for C compiler default output file name
configure:3540: result: a.exe
configure:3546: checking for suffix of executables
configure:3553: i686-w64-mingw32-gcc -o conftest.exe -msse4.1 -DWIN32 -DCURL_STATICLIB -O3 -I/home/user/win32_deps/include -DPTW32_STATIC_LIB  -static -L/home/user/win32_deps/lib conftest.c  >&5
configure:3557: $? = 0
configure:3579: result: .exe
configure:3601: checking whether we are cross compiling
configure:3609: i686-w64-mingw32-gcc -o conftest.exe -msse4.1 -DWIN32 -DCURL_STATICLIB -O3 -I/home/user/win32_deps/include -DPTW32_STATIC_LIB  -static -L/home/user/win32_deps/lib conftest.c  >&5
configure:3613: $? = 0
configure:3620: ./conftest.exe
./configure: line 3622: ./conftest.exe: cannot execute binary file: Exec format error
configure:3624: $? = 126
configure:3639: result: yes
configure:3644: checking for suffix of object files
configure:3666: i686-w64-mingw32-gcc -c -msse4.1 -DWIN32 -DCURL_STATICLIB -O3 -I/home/user/win32_deps/include -DPTW32_STATIC_LIB  conftest.c >&5
configure:3670: $? = 0
configure:3691: result: o
configure:3695: checking whether we are using the GNU C compiler
configure:3714: i686-w64-mingw32-gcc -c -msse4.1 -DWIN32 -DCURL_STATICLIB -O3 -I/home/user/win32_deps/include -DPTW32_STATIC_LIB  conftest.c >&5
configure:3714: $? = 0
configure:3723: result: yes
configure:3732: checking whether i686-w64-mingw32-gcc accepts -g
configure:3752: i686-w64-mingw32-gcc -c -g  conftest.c >&5
configure:3752: $? = 0
configure:3793: result: yes
configure:3810: checking for i686-w64-mingw32-gcc option to accept ISO C89
configure:3873: i686-w64-mingw32-gcc  -c -msse4.1 -DWIN32 -DCURL_STATICLIB -O3 -I/home/user/win32_deps/include -DPTW32_STATIC_LIB  conftest.c >&5
configure:3873: $? = 0
configure:3886: result: none needed
configure:3911: checking whether i686-w64-mingw32-gcc understands -c and -o together
configure:3933: i686-w64-mingw32-gcc -c conftest.c -o conftest2.o
configure:3936: $? = 0
configure:3933: i686-w64-mingw32-gcc -c conftest.c -o conftest2.o
configure:3936: $? = 0
configure:3948: result: yes
configure:3967: checking dependency style of i686-w64-mingw32-gcc
configure:4078: result: gcc3
configure:4093: checking for i686-w64-mingw32-gcc option to accept ISO C99
configure:4242: i686-w64-mingw32-gcc  -c -msse4.1 -DWIN32 -DCURL_STATICLIB -O3 -I/home/user/win32_deps/include -DPTW32_STATIC_LIB  conftest.c >&5
configure:4242: $? = 0
configure:4255: result: none needed
configure:4276: checking how to run the C preprocessor
configure:4307: i686-w64-mingw32-gcc -E  conftest.c
configure:4307: $? = 0
configure:4321: i686-w64-mingw32-gcc -E  conftest.c
conftest.c:11:28: fatal error: ac_nonexistent.h: No such file or directory
compilation terminated.
configure:4321: $? = 1
configure: failed program was:
| /* confdefs.h */
| #define PACKAGE_NAME "cpuminer"
| #define PACKAGE_TARNAME "cpuminer"
| #define PACKAGE_VERSION "2.3.2"
| #define PACKAGE_STRING "cpuminer 2.3.2"
| #define PACKAGE_BUGREPORT ""
| #define PACKAGE_URL ""
| #define PACKAGE "cpuminer"
| #define VERSION "2.3.2"
| /* end confdefs.h.  */
| #include <ac_nonexistent.h>
configure:4346: result: i686-w64-mingw32-gcc -E
configure:4366: i686-w64-mingw32-gcc -E  conftest.c
configure:4366: $? = 0
configure:4380: i686-w64-mingw32-gcc -E  conftest.c
conftest.c:11:28: fatal error: ac_nonexistent.h: No such file or directory
compilation terminated.
configure:4380: $? = 1
configure: failed program was:
| /* confdefs.h */
| #define PACKAGE_NAME "cpuminer"
| #define PACKAGE_TARNAME "cpuminer"
| #define PACKAGE_VERSION "2.3.2"
| #define PACKAGE_STRING "cpuminer 2.3.2"
| #define PACKAGE_BUGREPORT ""
| #define PACKAGE_URL ""
| #define PACKAGE "cpuminer"
| #define VERSION "2.3.2"
| /* end confdefs.h.  */
| #include <ac_nonexistent.h>
configure:4409: checking for grep that handles long lines and -e
configure:4467: result: /bin/grep
configure:4472: checking for egrep
configure:4534: result: /bin/grep -E
configure:4540: checking whether i686-w64-mingw32-gcc needs -traditional
conftest.c:11:19: fatal error: sgtty.h: No such file or directory
compilation terminated.
conftest.c:11:20: fatal error: termio.h: No such file or directory
compilation terminated.
configure:4574: result: no
configure:4591: checking dependency style of i686-w64-mingw32-gcc
configure:4700: result: gcc3
configure:4718: checking for i686-w64-mingw32-ranlib
configure:4734: found /usr/bin/i686-w64-mingw32-ranlib
configure:4745: result: i686-w64-mingw32-ranlib
configure:4808: checking for ANSI C header files
configure:4828: i686-w64-mingw32-gcc -c -msse4.1 -DWIN32 -DCURL_STATICLIB -O3 -I/home/user/win32_deps/include -DPTW32_STATIC_LIB  conftest.c >&5
configure:4828: $? = 0
configure:4912: result: yes
configure:4925: checking for sys/types.h
configure:4925: i686-w64-mingw32-gcc -c -msse4.1 -DWIN32 -DCURL_STATICLIB -O3 -I/home/user/win32_deps/include -DPTW32_STATIC_LIB  conftest.c >&5
configure:4925: $? = 0
configure:4925: result: yes
configure:4925: checking for sys/stat.h
configure:4925: i686-w64-mingw32-gcc -c -msse4.1 -DWIN32 -DCURL_STATICLIB -O3 -I/home/user/win32_deps/include -DPTW32_STATIC_LIB  conftest.c >&5
configure:4925: $? = 0
configure:4925: result: yes
configure:4925: checking for stdlib.h
configure:4925: i686-w64-mingw32-gcc -c -msse4.1 -DWIN32 -DCURL_STATICLIB -O3 -I/home/user/win32_deps/include -DPTW32_STATIC_LIB  conftest.c >&5
configure:4925: $? = 0
configure:4925: result: yes
configure:4925: checking for string.h
configure:4925: i686-w64-mingw32-gcc -c -msse4.1 -DWIN32 -DCURL_STATICLIB -O3 -I/home/user/win32_deps/include -DPTW32_STATIC_LIB  conftest.c >&5
configure:4925: $? = 0
configure:4925: result: yes
configure:4925: checking for memory.h
configure:4925: i686-w64-mingw32-gcc -c -msse4.1 -DWIN32 -DCURL_STATICLIB -O3 -I/home/user/win32_deps/include -DPTW32_STATIC_LIB  conftest.c >&5
configure:4925: $? = 0
configure:4925: result: yes
configure:4925: checking for strings.h
configure:4925: i686-w64-mingw32-gcc -c -msse4.1 -DWIN32 -DCURL_STATICLIB -O3 -I/home/user/win32_deps/include -DPTW32_STATIC_LIB  conftest.c >&5
configure:4925: $? = 0
configure:4925: result: yes
configure:4925: checking for inttypes.h
configure:4925: i686-w64-mingw32-gcc -c -msse4.1 -DWIN32 -DCURL_STATICLIB -O3 -I/home/user/win32_deps/include -DPTW32_STATIC_LIB  conftest.c >&5
configure:4925: $? = 0
configure:4925: result: yes
configure:4925: checking for stdint.h
configure:4925: i686-w64-mingw32-gcc -c -msse4.1 -DWIN32 -DCURL_STATICLIB -O3 -I/home/user/win32_deps/include -DPTW32_STATIC_LIB  conftest.c >&5
configure:4925: $? = 0
configure:4925: result: yes
configure:4925: checking for unistd.h
configure:4925: i686-w64-mingw32-gcc -c -msse4.1 -DWIN32 -DCURL_STATICLIB -O3 -I/home/user/win32_deps/include -DPTW32_STATIC_LIB  conftest.c >&5
configure:4925: $? = 0
configure:4925: result: yes
configure:4940: checking sys/endian.h usability
configure:4940: i686-w64-mingw32-gcc -c -msse4.1 -DWIN32 -DCURL_STATICLIB -O3 -I/home/user/win32_deps/include -DPTW32_STATIC_LIB  conftest.c >&5
conftest.c:54:24: fatal error: sys/endian.h: No such file or directory
compilation terminated.
configure:4940: $? = 1
configure: failed program was:
| /* confdefs.h */
| #define PACKAGE_NAME "cpuminer"
| #define PACKAGE_TARNAME "cpuminer"
| #define PACKAGE_VERSION "2.3.2"
| #define PACKAGE_STRING "cpuminer 2.3.2"
| #define PACKAGE_BUGREPORT ""
| #define PACKAGE_URL ""
| #define PACKAGE "cpuminer"
| #define VERSION "2.3.2"
| #define STDC_HEADERS 1
| #define HAVE_SYS_TYPES_H 1
| #define HAVE_SYS_STAT_H 1
| #define HAVE_STDLIB_H 1
| #define HAVE_STRING_H 1
| #define HAVE_MEMORY_H 1
| #define HAVE_STRINGS_H 1
| #define HAVE_INTTYPES_H 1
| #define HAVE_STDINT_H 1
| #define HAVE_UNISTD_H 1
| /* end confdefs.h.  */
| #include <stdio.h>
| #ifdef HAVE_SYS_TYPES_H
| # include <sys/types.h>
| #endif
| #ifdef HAVE_SYS_STAT_H
| # include <sys/stat.h>
| #endif
| #ifdef STDC_HEADERS
| # include <stdlib.h>
| # include <stddef.h>
| #else
| # ifdef HAVE_STDLIB_H
| #  include <stdlib.h>
| # endif
| #endif
| #ifdef HAVE_STRING_H
| # if !defined STDC_HEADERS && defined HAVE_MEMORY_H
| #  include <memory.h>
| # endif
| # include <string.h>
| #endif
| #ifdef HAVE_STRINGS_H
| # include <strings.h>
| #endif
| #ifdef HAVE_INTTYPES_H
| # include <inttypes.h>
| #endif
| #ifdef HAVE_STDINT_H
| # include <stdint.h>
| #endif
| #ifdef HAVE_UNISTD_H
| # include <unistd.h>
| #endif
| #include <sys/endian.h>
configure:4940: result: no
configure:4940: checking sys/endian.h presence
configure:4940: i686-w64-mingw32-gcc -E  conftest.c
conftest.c:21:24: fatal error: sys/endian.h: No such file or directory
compilation terminated.
configure:4940: $? = 1
configure: failed program was:
| /* confdefs.h */
| #define PACKAGE_NAME "cpuminer"
| #define PACKAGE_TARNAME "cpuminer"
| #define PACKAGE_VERSION "2.3.2"
| #define PACKAGE_STRING "cpuminer 2.3.2"
| #define PACKAGE_BUGREPORT ""
| #define PACKAGE_URL ""
| #define PACKAGE "cpuminer"
| #define VERSION "2.3.2"
| #define STDC_HEADERS 1
| #define HAVE_SYS_TYPES_H 1
| #define HAVE_SYS_STAT_H 1
| #define HAVE_STDLIB_H 1
| #define HAVE_STRING_H 1
| #define HAVE_MEMORY_H 1
| #define HAVE_STRINGS_H 1
| #define HAVE_INTTYPES_H 1
| #define HAVE_STDINT_H 1
| #define HAVE_UNISTD_H 1
| /* end confdefs.h.  */
| #include <sys/endian.h>
configure:4940: result: no
configure:4940: checking for sys/endian.h
configure:4940: result: no
configure:4940: checking sys/param.h usability
configure:4940: i686-w64-mingw32-gcc -c -msse4.1 -DWIN32 -DCURL_STATICLIB -O3 -I/home/user/win32_deps/include -DPTW32_STATIC_LIB  conftest.c >&5
configure:4940: $? = 0
configure:4940: result: yes
configure:4940: checking sys/param.h presence
configure:4940: i686-w64-mingw32-gcc -E  conftest.c
configure:4940: $? = 0
configure:4940: result: yes
configure:4940: checking for sys/param.h
configure:4940: result: yes
configure:4940: checking syslog.h usability
configure:4940: i686-w64-mingw32-gcc -c -msse4.1 -DWIN32 -DCURL_STATICLIB -O3 -I/home/user/win32_deps/include -DPTW32_STATIC_LIB  conftest.c >&5
conftest.c:55:20: fatal error: syslog.h: No such file or directory
compilation terminated.
configure:4940: $? = 1
configure: failed program was:
| /* confdefs.h */
| #define PACKAGE_NAME "cpuminer"
| #define PACKAGE_TARNAME "cpuminer"
| #define PACKAGE_VERSION "2.3.2"
| #define PACKAGE_STRING "cpuminer 2.3.2"
| #define PACKAGE_BUGREPORT ""
| #define PACKAGE_URL ""
| #define PACKAGE "cpuminer"
| #define VERSION "2.3.2"
| #define STDC_HEADERS 1
| #define HAVE_SYS_TYPES_H 1
| #define HAVE_SYS_STAT_H 1
| #define HAVE_STDLIB_H 1
| #define HAVE_STRING_H 1
| #define HAVE_MEMORY_H 1
| #define HAVE_STRINGS_H 1
| #define HAVE_INTTYPES_H 1
| #define HAVE_STDINT_H 1
| #define HAVE_UNISTD_H 1
| #define HAVE_SYS_PARAM_H 1
| /* end confdefs.h.  */
| #include <stdio.h>
| #ifdef HAVE_SYS_TYPES_H
| # include <sys/types.h>
| #endif
| #ifdef HAVE_SYS_STAT_H
| # include <sys/stat.h>
| #endif
| #ifdef STDC_HEADERS
| # include <stdlib.h>
| # include <stddef.h>
| #else
| # ifdef HAVE_STDLIB_H
| #  include <stdlib.h>
| # endif
| #endif
| #ifdef HAVE_STRING_H
| # if !defined STDC_HEADERS && defined HAVE_MEMORY_H
| #  include <memory.h>
| # endif
| # include <string.h>
| #endif
| #ifdef HAVE_STRINGS_H
| # include <strings.h>
| #endif
| #ifdef HAVE_INTTYPES_H
| # include <inttypes.h>
| #endif
| #ifdef HAVE_STDINT_H
| # include <stdint.h>
| #endif
| #ifdef HAVE_UNISTD_H
| # include <unistd.h>
| #endif
| #include <syslog.h>
configure:4940: result: no
configure:4940: checking syslog.h presence
configure:4940: i686-w64-mingw32-gcc -E  conftest.c
conftest.c:22:20: fatal error: syslog.h: No such file or directory
compilation terminated.
configure:4940: $? = 1
configure: failed program was:
| /* confdefs.h */
| #define PACKAGE_NAME "cpuminer"
| #define PACKAGE_TARNAME "cpuminer"
| #define PACKAGE_VERSION "2.3.2"
| #define PACKAGE_STRING "cpuminer 2.3.2"
| #define PACKAGE_BUGREPORT ""
| #define PACKAGE_URL ""
| #define PACKAGE "cpuminer"
| #define VERSION "2.3.2"
| #define STDC_HEADERS 1
| #define HAVE_SYS_TYPES_H 1
| #define HAVE_SYS_STAT_H 1
| #define HAVE_STDLIB_H 1
| #define HAVE_STRING_H 1
| #define HAVE_MEMORY_H 1
| #define HAVE_STRINGS_H 1
| #define HAVE_INTTYPES_H 1
| #define HAVE_STDINT_H 1
| #define HAVE_UNISTD_H 1
| #define HAVE_SYS_PARAM_H 1
| /* end confdefs.h.  */
| #include <syslog.h>
configure:4940: result: no
configure:4940: checking for syslog.h
configure:4940: result: no
configure:4954: checking for sys/sysctl.h
configure:4954: i686-w64-mingw32-gcc -c -msse4.1 -DWIN32 -DCURL_STATICLIB -O3 -I/home/user/win32_deps/include -DPTW32_STATIC_LIB  conftest.c >&5
conftest.c:28:24: fatal error: sys/sysctl.h: No such file or directory
compilation terminated.
configure:4954: $? = 1
configure: failed program was:
| /* confdefs.h */
| #define PACKAGE_NAME "cpuminer"
| #define PACKAGE_TARNAME "cpuminer"
| #define PACKAGE_VERSION "2.3.2"
| #define PACKAGE_STRING "cpuminer 2.3.2"
| #define PACKAGE_BUGREPORT ""
| #define PACKAGE_URL ""
| #define PACKAGE "cpuminer"
| #define VERSION "2.3.2"
| #define STDC_HEADERS 1
| #define HAVE_SYS_TYPES_H 1
| #define HAVE_SYS_STAT_H 1
| #define HAVE_STDLIB_H 1
| #define HAVE_STRING_H 1
| #define HAVE_MEMORY_H 1
| #define HAVE_STRINGS_H 1
| #define HAVE_INTTYPES_H 1
| #define HAVE_STDINT_H 1
| #define HAVE_UNISTD_H 1
| #define HAVE_SYS_PARAM_H 1
| /* end confdefs.h.  */
| #include <sys/types.h>
| #ifdef HAVE_SYS_PARAM_H
| #include <sys/param.h>
| #endif
| 
| 
| #include <sys/sysctl.h>
configure:4954: result: no
configure:4970: checking whether be32dec is declared
configure:4970: i686-w64-mingw32-gcc -c -msse4.1 -DWIN32 -DCURL_STATICLIB -O3 -I/home/user/win32_deps/include -DPTW32_STATIC_LIB  conftest.c >&5
conftest.c: In function 'main':
conftest.c:67:10: error: 'be32dec' undeclared (first use in this function)
   (void) be32dec;
          ^
conftest.c:67:10: note: each undeclared identifier is reported only once for each function it appears in
configure:4970: $? = 1
configure: failed program was:
| /* confdefs.h */
| #define PACKAGE_NAME "cpuminer"
| #define PACKAGE_TARNAME "cpuminer"
| #define PACKAGE_VERSION "2.3.2"
| #define PACKAGE_STRING "cpuminer 2.3.2"
| #define PACKAGE_BUGREPORT ""
| #define PACKAGE_URL ""
| #define PACKAGE "cpuminer"
| #define VERSION "2.3.2"
| #define STDC_HEADERS 1
| #define HAVE_SYS_TYPES_H 1
| #define HAVE_SYS_STAT_H 1
| #define HAVE_STDLIB_H 1
| #define HAVE_STRING_H 1
| #define HAVE_MEMORY_H 1
| #define HAVE_STRINGS_H 1
| #define HAVE_INTTYPES_H 1
| #define HAVE_STDINT_H 1
| #define HAVE_UNISTD_H 1
| #define HAVE_SYS_PARAM_H 1
| /* end confdefs.h.  */
| #include <stdio.h>
| #ifdef HAVE_SYS_TYPES_H
| # include <sys/types.h>
| #endif
| #ifdef HAVE_SYS_STAT_H
| # include <sys/stat.h>
| #endif
| #ifdef STDC_HEADERS
| # include <stdlib.h>
| # include <stddef.h>
| #else
| # ifdef HAVE_STDLIB_H
| #  include <stdlib.h>
| # endif
| #endif
| #ifdef HAVE_STRING_H
| # if !defined STDC_HEADERS && defined HAVE_MEMORY_H
| #  include <memory.h>
| # endif
| # include <string.h>
| #endif
| #ifdef HAVE_STRINGS_H
| # include <strings.h>
| #endif
| #ifdef HAVE_INTTYPES_H
| # include <inttypes.h>
| #endif
| #ifdef HAVE_STDINT_H
| # include <stdint.h>
| #endif
| #ifdef HAVE_UNISTD_H
| # include <unistd.h>
| #endif
| #ifdef HAVE_SYS_ENDIAN_H
| #include <sys/endian.h>
| #endif
| 
| 
| int
| main ()
| {
| #ifndef be32dec
| #ifdef __cplusplus
|   (void) be32dec;
| #else
|   (void) be32dec;
| #endif
| #endif
| 
|   ;
|   return 0;
| }
configure:4970: result: no
configure:4985: checking whether le32dec is declared
configure:4985: i686-w64-mingw32-gcc -c -msse4.1 -DWIN32 -DCURL_STATICLIB -O3 -I/home/user/win32_deps/include -DPTW32_STATIC_LIB  conftest.c >&5
conftest.c: In function 'main':
conftest.c:68:10: error: 'le32dec' undeclared (first use in this function)
   (void) le32dec;
          ^
conftest.c:68:10: note: each undeclared identifier is reported only once for each function it appears in
configure:4985: $? = 1
configure: failed program was:
| /* confdefs.h */
| #define PACKAGE_NAME "cpuminer"
| #define PACKAGE_TARNAME "cpuminer"
| #define PACKAGE_VERSION "2.3.2"
| #define PACKAGE_STRING "cpuminer 2.3.2"
| #define PACKAGE_BUGREPORT ""
| #define PACKAGE_URL ""
| #define PACKAGE "cpuminer"
| #define VERSION "2.3.2"
| #define STDC_HEADERS 1
| #define HAVE_SYS_TYPES_H 1
| #define HAVE_SYS_STAT_H 1
| #define HAVE_STDLIB_H 1
| #define HAVE_STRING_H 1
| #define HAVE_MEMORY_H 1
| #define HAVE_STRINGS_H 1
| #define HAVE_INTTYPES_H 1
| #define HAVE_STDINT_H 1
| #define HAVE_UNISTD_H 1
| #define HAVE_SYS_PARAM_H 1
| #define HAVE_DECL_BE32DEC 0
| /* end confdefs.h.  */
| #include <stdio.h>
| #ifdef HAVE_SYS_TYPES_H
| # include <sys/types.h>
| #endif
| #ifdef HAVE_SYS_STAT_H
| # include <sys/stat.h>
| #endif
| #ifdef STDC_HEADERS
| # include <stdlib.h>
| # include <stddef.h>
| #else
| # ifdef HAVE_STDLIB_H
| #  include <stdlib.h>
| # endif
| #endif
| #ifdef HAVE_STRING_H
| # if !defined STDC_HEADERS && defined HAVE_MEMORY_H
| #  include <memory.h>
| # endif
| # include <string.h>
| #endif
| #ifdef HAVE_STRINGS_H
| # include <strings.h>
| #endif
| #ifdef HAVE_INTTYPES_H
| # include <inttypes.h>
| #endif
| #ifdef HAVE_STDINT_H
| # include <stdint.h>
| #endif
| #ifdef HAVE_UNISTD_H
| # include <unistd.h>
| #endif
| #ifdef HAVE_SYS_ENDIAN_H
| #include <sys/endian.h>
| #endif
| 
| 
| int
| main ()
| {
| #ifndef le32dec
| #ifdef __cplusplus
|   (void) le32dec;
| #else
|   (void) le32dec;
| #endif
| #endif
| 
|   ;
|   return 0;
| }
configure:4985: result: no
configure:5000: checking whether be32enc is declared
configure:5000: i686-w64-mingw32-gcc -c -msse4.1 -DWIN32 -DCURL_STATICLIB -O3 -I/home/user/win32_deps/include -DPTW32_STATIC_LIB  conftest.c >&5
conftest.c: In function 'main':
conftest.c:69:10: error: 'be32enc' undeclared (first use in this function)
   (void) be32enc;
          ^
conftest.c:69:10: note: each undeclared identifier is reported only once for each function it appears in
configure:5000: $? = 1
configure: failed program was:
| /* confdefs.h */
| #define PACKAGE_NAME "cpuminer"
| #define PACKAGE_TARNAME "cpuminer"
| #define PACKAGE_VERSION "2.3.2"
| #define PACKAGE_STRING "cpuminer 2.3.2"
| #define PACKAGE_BUGREPORT ""
| #define PACKAGE_URL ""
| #define PACKAGE "cpuminer"
| #define VERSION "2.3.2"
| #define STDC_HEADERS 1
| #define HAVE_SYS_TYPES_H 1
| #define HAVE_SYS_STAT_H 1
| #define HAVE_STDLIB_H 1
| #define HAVE_STRING_H 1
| #define HAVE_MEMORY_H 1
| #define HAVE_STRINGS_H 1
| #define HAVE_INTTYPES_H 1
| #define HAVE_STDINT_H 1
| #define HAVE_UNISTD_H 1
| #define HAVE_SYS_PARAM_H 1
| #define HAVE_DECL_BE32DEC 0
| #define HAVE_DECL_LE32DEC 0
| /* end confdefs.h.  */
| #include <stdio.h>
| #ifdef HAVE_SYS_TYPES_H
| # include <sys/types.h>
| #endif
| #ifdef HAVE_SYS_STAT_H
| # include <sys/stat.h>
| #endif
| #ifdef STDC_HEADERS
| # include <stdlib.h>
| # include <stddef.h>
| #else
| # ifdef HAVE_STDLIB_H
| #  include <stdlib.h>
| # endif
| #endif
| #ifdef HAVE_STRING_H
| # if !defined STDC_HEADERS && defined HAVE_MEMORY_H
| #  include <memory.h>
| # endif
| # include <string.h>
| #endif
| #ifdef HAVE_STRINGS_H
| # include <strings.h>
| #endif
| #ifdef HAVE_INTTYPES_H
| # include <inttypes.h>
| #endif
| #ifdef HAVE_STDINT_H
| # include <stdint.h>
| #endif
| #ifdef HAVE_UNISTD_H
| # include <unistd.h>
| #endif
| #ifdef HAVE_SYS_ENDIAN_H
| #include <sys/endian.h>
| #endif
| 
| 
| int
| main ()
| {
| #ifndef be32enc
| #ifdef __cplusplus
|   (void) be32enc;
| #else
|   (void) be32enc;
| #endif
| #endif
| 
|   ;
|   return 0;
| }
configure:5000: result: no
configure:5015: checking whether le32enc is declared
configure:5015: i686-w64-mingw32-gcc -c -msse4.1 -DWIN32 -DCURL_STATICLIB -O3 -I/home/user/win32_deps/include -DPTW32_STATIC_LIB  conftest.c >&5
conftest.c: In function 'main':
conftest.c:70:10: error: 'le32enc' undeclared (first use in this function)
   (void) le32enc;
          ^
conftest.c:70:10: note: each undeclared identifier is reported only once for each function it appears in
configure:5015: $? = 1
configure: failed program was:
| /* confdefs.h */
| #define PACKAGE_NAME "cpuminer"
| #define PACKAGE_TARNAME "cpuminer"
| #define PACKAGE_VERSION "2.3.2"
| #define PACKAGE_STRING "cpuminer 2.3.2"
| #define PACKAGE_BUGREPORT ""
| #define PACKAGE_URL ""
| #define PACKAGE "cpuminer"
| #define VERSION "2.3.2"
| #define STDC_HEADERS 1
| #define HAVE_SYS_TYPES_H 1
| #define HAVE_SYS_STAT_H 1
| #define HAVE_STDLIB_H 1
| #define HAVE_STRING_H 1
| #define HAVE_MEMORY_H 1
| #define HAVE_STRINGS_H 1
| #define HAVE_INTTYPES_H 1
| #define HAVE_STDINT_H 1
| #define HAVE_UNISTD_H 1
| #define HAVE_SYS_PARAM_H 1
| #define HAVE_DECL_BE32DEC 0
| #define HAVE_DECL_LE32DEC 0
| #define HAVE_DECL_BE32ENC 0
| /* end confdefs.h.  */
| #include <stdio.h>
| #ifdef HAVE_SYS_TYPES_H
| # include <sys/types.h>
| #endif
| #ifdef HAVE_SYS_STAT_H
| # include <sys/stat.h>
| #endif
| #ifdef STDC_HEADERS
| # include <stdlib.h>
| # include <stddef.h>
| #else
| # ifdef HAVE_STDLIB_H
| #  include <stdlib.h>
| # endif
| #endif
| #ifdef HAVE_STRING_H
| # if !defined STDC_HEADERS && defined HAVE_MEMORY_H
| #  include <memory.h>
| # endif
| # include <string.h>
| #endif
| #ifdef HAVE_STRINGS_H
| # include <strings.h>
| #endif
| #ifdef HAVE_INTTYPES_H
| # include <inttypes.h>
| #endif
| #ifdef HAVE_STDINT_H
| # include <stdint.h>
| #endif
| #ifdef HAVE_UNISTD_H
| # include <unistd.h>
| #endif
| #ifdef HAVE_SYS_ENDIAN_H
| #include <sys/endian.h>
| #endif
| 
| 
| int
| main ()
| {
| #ifndef le32enc
| #ifdef __cplusplus
|   (void) le32enc;
| #else
|   (void) le32enc;
| #endif
| #endif
| 
|   ;
|   return 0;
| }
configure:5015: result: no
configure:5032: checking for size_t
configure:5032: i686-w64-mingw32-gcc -c -msse4.1 -DWIN32 -DCURL_STATICLIB -O3 -I/home/user/win32_deps/include -DPTW32_STATIC_LIB  conftest.c >&5
configure:5032: $? = 0
configure:5032: i686-w64-mingw32-gcc -c -msse4.1 -DWIN32 -DCURL_STATICLIB -O3 -I/home/user/win32_deps/include -DPTW32_STATIC_LIB  conftest.c >&5
conftest.c: In function 'main':
conftest.c:62:21: error: expected expression before ')' token
 if (sizeof ((size_t)))
                     ^
configure:5032: $? = 1
configure: failed program was:
| /* confdefs.h */
| #define PACKAGE_NAME "cpuminer"
| #define PACKAGE_TARNAME "cpuminer"
| #define PACKAGE_VERSION "2.3.2"
| #define PACKAGE_STRING "cpuminer 2.3.2"
| #define PACKAGE_BUGREPORT ""
| #define PACKAGE_URL ""
| #define PACKAGE "cpuminer"
| #define VERSION "2.3.2"
| #define STDC_HEADERS 1
| #define HAVE_SYS_TYPES_H 1
| #define HAVE_SYS_STAT_H 1
| #define HAVE_STDLIB_H 1
| #define HAVE_STRING_H 1
| #define HAVE_MEMORY_H 1
| #define HAVE_STRINGS_H 1
| #define HAVE_INTTYPES_H 1
| #define HAVE_STDINT_H 1
| #define HAVE_UNISTD_H 1
| #define HAVE_SYS_PARAM_H 1
| #define HAVE_DECL_BE32DEC 0
| #define HAVE_DECL_LE32DEC 0
| #define HAVE_DECL_BE32ENC 0
| #define HAVE_DECL_LE32ENC 0
| /* end confdefs.h.  */
| #include <stdio.h>
| #ifdef HAVE_SYS_TYPES_H
| # include <sys/types.h>
| #endif
| #ifdef HAVE_SYS_STAT_H
| # include <sys/stat.h>
| #endif
| #ifdef STDC_HEADERS
| # include <stdlib.h>
| # include <stddef.h>
| #else
| # ifdef HAVE_STDLIB_H
| #  include <stdlib.h>
| # endif
| #endif
| #ifdef HAVE_STRING_H
| # if !defined STDC_HEADERS && defined HAVE_MEMORY_H
| #  include <memory.h>
| # endif
| # include <string.h>
| #endif
| #ifdef HAVE_STRINGS_H
| # include <strings.h>
| #endif
| #ifdef HAVE_INTTYPES_H
| # include <inttypes.h>
| #endif
| #ifdef HAVE_STDINT_H
| # include <stdint.h>
| #endif
| #ifdef HAVE_UNISTD_H
| # include <unistd.h>
| #endif
| int
| main ()
| {
| if (sizeof ((size_t)))
| 	    return 0;
|   ;
|   return 0;
| }
configure:5032: result: yes
configure:5045: checking for working alloca.h
configure:5062: i686-w64-mingw32-gcc -o conftest.exe -msse4.1 -DWIN32 -DCURL_STATICLIB -O3 -I/home/user/win32_deps/include -DPTW32_STATIC_LIB  -static -L/home/user/win32_deps/lib conftest.c  >&5
conftest.c:26:20: fatal error: alloca.h: No such file or directory
compilation terminated.
configure:5062: $? = 1
configure: failed program was:
| /* confdefs.h */
| #define PACKAGE_NAME "cpuminer"
| #define PACKAGE_TARNAME "cpuminer"
| #define PACKAGE_VERSION "2.3.2"
| #define PACKAGE_STRING "cpuminer 2.3.2"
| #define PACKAGE_BUGREPORT ""
| #define PACKAGE_URL ""
| #define PACKAGE "cpuminer"
| #define VERSION "2.3.2"
| #define STDC_HEADERS 1
| #define HAVE_SYS_TYPES_H 1
| #define HAVE_SYS_STAT_H 1
| #define HAVE_STDLIB_H 1
| #define HAVE_STRING_H 1
| #define HAVE_MEMORY_H 1
| #define HAVE_STRINGS_H 1
| #define HAVE_INTTYPES_H 1
| #define HAVE_STDINT_H 1
| #define HAVE_UNISTD_H 1
| #define HAVE_SYS_PARAM_H 1
| #define HAVE_DECL_BE32DEC 0
| #define HAVE_DECL_LE32DEC 0
| #define HAVE_DECL_BE32ENC 0
| #define HAVE_DECL_LE32ENC 0
| /* end confdefs.h.  */
| #include <alloca.h>
| int
| main ()
| {
| char *p = (char *) alloca (2 * sizeof (int));
| 			  if (p) return 0;
|   ;
|   return 0;
| }
configure:5070: result: no
configure:5078: checking for alloca
configure:5115: i686-w64-mingw32-gcc -o conftest.exe -msse4.1 -DWIN32 -DCURL_STATICLIB -O3 -I/home/user/win32_deps/include -DPTW32_STATIC_LIB  -static -L/home/user/win32_deps/lib conftest.c  >&5
configure:5115: $? = 0
configure:5123: result: yes
configure:5231: checking for getopt_long
configure:5231: i686-w64-mingw32-gcc -o conftest.exe -msse4.1 -DWIN32 -DCURL_STATICLIB -O3 -I/home/user/win32_deps/include -DPTW32_STATIC_LIB  -static -L/home/user/win32_deps/lib conftest.c  >&5
configure:5231: $? = 0
configure:5231: result: yes
configure:5268: checking whether we can compile AVX code
configure:5281: i686-w64-mingw32-gcc -c -msse4.1 -DWIN32 -DCURL_STATICLIB -O3 -I/home/user/win32_deps/include -DPTW32_STATIC_LIB  conftest.c >&5
configure:5281: $? = 0
configure:5285: result: yes
configure:5287: checking whether we can compile XOP code
configure:5300: i686-w64-mingw32-gcc -c -msse4.1 -DWIN32 -DCURL_STATICLIB -O3 -I/home/user/win32_deps/include -DPTW32_STATIC_LIB  conftest.c >&5
configure:5300: $? = 0
configure:5304: result: yes
configure:5315: checking whether we can compile AVX2 code
configure:5328: i686-w64-mingw32-gcc -c -msse4.1 -DWIN32 -DCURL_STATICLIB -O3 -I/home/user/win32_deps/include -DPTW32_STATIC_LIB  conftest.c >&5
configure:5328: $? = 0
configure:5332: result: yes
configure:5354: checking for json_loads in -ljansson
configure:5379: i686-w64-mingw32-gcc -o conftest.exe -msse4.1 -DWIN32 -DCURL_STATICLIB -O3 -I/home/user/win32_deps/include -DPTW32_STATIC_LIB  -static -L/home/user/win32_deps/lib conftest.c -ljansson   >&5
/usr/bin/i686-w64-mingw32-ld: cannot find -ljansson
collect2: error: ld returned 1 exit status
configure:5379: $? = 1
configure: failed program was:
| /* confdefs.h */
| #define PACKAGE_NAME "cpuminer"
| #define PACKAGE_TARNAME "cpuminer"
| #define PACKAGE_VERSION "2.3.2"
| #define PACKAGE_STRING "cpuminer 2.3.2"
| #define PACKAGE_BUGREPORT ""
| #define PACKAGE_URL ""
| #define PACKAGE "cpuminer"
| #define VERSION "2.3.2"
| #define STDC_HEADERS 1
| #define HAVE_SYS_TYPES_H 1
| #define HAVE_SYS_STAT_H 1
| #define HAVE_STDLIB_H 1
| #define HAVE_STRING_H 1
| #define HAVE_MEMORY_H 1
| #define HAVE_STRINGS_H 1
| #define HAVE_INTTYPES_H 1
| #define HAVE_STDINT_H 1
| #define HAVE_UNISTD_H 1
| #define HAVE_SYS_PARAM_H 1
| #define HAVE_DECL_BE32DEC 0
| #define HAVE_DECL_LE32DEC 0
| #define HAVE_DECL_BE32ENC 0
| #define HAVE_DECL_LE32ENC 0
| #define HAVE_ALLOCA 1
| #define HAVE_GETOPT_LONG 1
| #define USE_AVX 1
| #define USE_XOP 1
| #define USE_AVX2 1
| /* end confdefs.h.  */
| 
| /* Override any GCC internal prototype to avoid an error.
|    Use char because int might match the return type of a GCC
|    builtin and then its argument prototype would still apply.  */
| #ifdef __cplusplus
| extern "C"
| #endif
| char json_loads ();
| int
| main ()
| {
| return json_loads ();
|   ;
|   return 0;
| }
configure:5388: result: no
configure:5396: checking for pthread_create in -lpthread
configure:5421: i686-w64-mingw32-gcc -o conftest.exe -msse4.1 -DWIN32 -DCURL_STATICLIB -O3 -I/home/user/win32_deps/include -DPTW32_STATIC_LIB  -static -L/home/user/win32_deps/lib conftest.c -lpthread   >&5
configure:5421: $? = 0
configure:5430: result: yes
configure:5640: checking for gawk
configure:5667: result: mawk
configure:5688: checking for curl-config
configure:5706: found /home/user/win32_deps/bin/curl-config
configure:5718: result: /home/user/win32_deps/bin/curl-config
configure:5770: checking for the version of libcurl
configure:5777: result: 7.40.0
configure:5784: checking for libcurl >= version 7.15.2
configure:5797: result: yes
configure:5838: checking whether libcurl is usable
configure:5872: i686-w64-mingw32-gcc -o conftest.exe -msse4.1 -DWIN32 -DCURL_STATICLIB -O3 -I/home/user/win32_deps/include -DPTW32_STATIC_LIB -I/home/user/win32_deps/include  -static -L/home/user/win32_deps/lib conftest.c -L/home/user/win32_deps/lib -lcurl -lwldap32 -lws2_32  >&5
configure:5872: $? = 0
configure:5886: result: yes
configure:5899: checking for curl_free
configure:5899: i686-w64-mingw32-gcc -o conftest.exe -msse4.1 -DWIN32 -DCURL_STATICLIB -O3 -I/home/user/win32_deps/include -DPTW32_STATIC_LIB  -I/home/user/win32_deps/include -static -L/home/user/win32_deps/lib conftest.c  -L/home/user/win32_deps/lib -lcurl -lwldap32 -lws2_32 >&5
configure:5899: $? = 0
configure:5899: result: yes
configure:6102: checking that generated files are newer than configure
configure:6108: result: done
configure:6155: creating ./config.status

## ---------------------- ##
## Running config.status. ##
## ---------------------- ##

This file was extended by cpuminer config.status 2.3.2, which was
generated by GNU Autoconf 2.69.  Invocation command line was

  CONFIG_FILES    = 
  CONFIG_HEADERS  = 
  CONFIG_LINKS    = 
  CONFIG_COMMANDS = 
  $ ./config.status 

on android

config.status:928: creating Makefile
config.status:928: creating compat/Makefile
config.status:928: creating compat/jansson/Makefile
config.status:928: creating cpuminer-config.h
config.status:1109: cpuminer-config.h is unchanged
config.status:1157: executing depfiles commands

## ---------------- ##
## Cache variables. ##
## ---------------- ##

ac_cv_build=x86_64-pc-linux-gnu
ac_cv_c_compiler_gnu=yes
ac_cv_env_CCASFLAGS_set=
ac_cv_env_CCASFLAGS_value=
ac_cv_env_CCAS_set=
ac_cv_env_CCAS_value=
ac_cv_env_CC_set=
ac_cv_env_CC_value=
ac_cv_env_CFLAGS_set=set
ac_cv_env_CFLAGS_value='-msse4.1 -DWIN32 -DCURL_STATICLIB -O3 -I/home/user/win32_deps/include -DPTW32_STATIC_LIB'
ac_cv_env_CPPFLAGS_set=
ac_cv_env_CPPFLAGS_value=
ac_cv_env_CPP_set=
ac_cv_env_CPP_value=
ac_cv_env_LDFLAGS_set=set
ac_cv_env_LDFLAGS_value='-static -L/home/user/win32_deps/lib'
ac_cv_env_LIBS_set=
ac_cv_env_LIBS_value=
ac_cv_env_build_alias_set=
ac_cv_env_build_alias_value=
ac_cv_env_host_alias_set=set
ac_cv_env_host_alias_value=i686-w64-mingw32
ac_cv_env_target_alias_set=
ac_cv_env_target_alias_value=
ac_cv_exeext=.exe
ac_cv_func_alloca_works=yes
ac_cv_func_curl_free=yes
ac_cv_func_getopt_long=yes
ac_cv_have_decl_be32dec=no
ac_cv_have_decl_be32enc=no
ac_cv_have_decl_le32dec=no
ac_cv_have_decl_le32enc=no
ac_cv_header_inttypes_h=yes
ac_cv_header_memory_h=yes
ac_cv_header_stdc=yes
ac_cv_header_stdint_h=yes
ac_cv_header_stdlib_h=yes
ac_cv_header_string_h=yes
ac_cv_header_strings_h=yes
ac_cv_header_sys_endian_h=no
ac_cv_header_sys_param_h=yes
ac_cv_header_sys_stat_h=yes
ac_cv_header_sys_sysctl_h=no
ac_cv_header_sys_types_h=yes
ac_cv_header_syslog_h=no
ac_cv_header_unistd_h=yes
ac_cv_host=i686-w64-mingw32
ac_cv_lib_jansson_json_loads=no
ac_cv_lib_pthread_pthread_create=yes
ac_cv_objext=o
ac_cv_path_EGREP='/bin/grep -E'
ac_cv_path_GREP=/bin/grep
ac_cv_path__libcurl_config=/home/user/win32_deps/bin/curl-config
ac_cv_path_install='/usr/bin/install -c'
ac_cv_path_mkdir=/bin/mkdir
ac_cv_prog_AWK=mawk
ac_cv_prog_CC=i686-w64-mingw32-gcc
ac_cv_prog_CPP='i686-w64-mingw32-gcc -E'
ac_cv_prog_RANLIB=i686-w64-mingw32-ranlib
ac_cv_prog_STRIP=i686-w64-mingw32-strip
ac_cv_prog_cc_c89=
ac_cv_prog_cc_c99=
ac_cv_prog_cc_g=yes
ac_cv_prog_gcc_traditional=no
ac_cv_prog_make_make_set=yes
ac_cv_target=i686-w64-mingw32
ac_cv_type_size_t=yes
ac_cv_working_alloca_h=no
am_cv_CCAS_dependencies_compiler_type=gcc3
am_cv_CC_dependencies_compiler_type=gcc3
am_cv_make_support_nested_variables=yes
am_cv_prog_cc_c_o=yes
libcurl_cv_lib_curl_usable=yes
libcurl_cv_lib_curl_version=7.40.0
libcurl_cv_lib_version_ok=yes

## ----------------- ##
## Output variables. ##
## ----------------- ##

ACLOCAL='${SHELL} /home/user/minerdx11-32/missing aclocal-1.15'
ALLOCA=''
AMDEPBACKSLASH='\'
AMDEP_FALSE='#'
AMDEP_TRUE=''
AMTAR='$${TAR-tar}'
AM_BACKSLASH='\'
AM_DEFAULT_V='$(AM_DEFAULT_VERBOSITY)'
AM_DEFAULT_VERBOSITY='1'
AM_V='$(V)'
ARCH_x86_64_FALSE=''
ARCH_x86_64_TRUE='#'
ARCH_x86_FALSE='#'
ARCH_x86_TRUE=''
AUTOCONF='${SHELL} /home/user/minerdx11-32/missing autoconf'
AUTOHEADER='${SHELL} /home/user/minerdx11-32/missing autoheader'
AUTOMAKE='${SHELL} /home/user/minerdx11-32/missing automake-1.15'
AWK='mawk'
CC='i686-w64-mingw32-gcc'
CCAS='i686-w64-mingw32-gcc'
CCASDEPMODE='depmode=gcc3'
CCASFLAGS='-msse4.1 -DWIN32 -DCURL_STATICLIB -O3 -I/home/user/win32_deps/include -DPTW32_STATIC_LIB'
CCDEPMODE='depmode=gcc3'
CFLAGS='-msse4.1 -DWIN32 -DCURL_STATICLIB -O3 -I/home/user/win32_deps/include -DPTW32_STATIC_LIB'
CPP='i686-w64-mingw32-gcc -E'
CPPFLAGS=''
CYGPATH_W='echo'
DEFS='-DHAVE_CONFIG_H'
DEPDIR='.deps'
ECHO_C=''
ECHO_N='-n'
ECHO_T=''
EGREP='/bin/grep -E'
EXEEXT='.exe'
GREP='/bin/grep'
HAVE_WINDOWS_FALSE='#'
HAVE_WINDOWS_TRUE=''
INSTALL_DATA='${INSTALL} -m 644'
INSTALL_PROGRAM='${INSTALL}'
INSTALL_SCRIPT='${INSTALL}'
INSTALL_STRIP_PROGRAM='$(install_sh) -c -s'
JANSSON_LIBS='compat/jansson/libjansson.a'
LDFLAGS='-static -L/home/user/win32_deps/lib'
LIBCURL='-L/home/user/win32_deps/lib -lcurl -lwldap32 -lws2_32'
LIBCURL_CPPFLAGS='-I/home/user/win32_deps/include'
LIBOBJS=''
LIBS=''
LTLIBOBJS=''
MAINT='#'
MAINTAINER_MODE_FALSE=''
MAINTAINER_MODE_TRUE='#'
MAKEINFO='${SHELL} /home/user/minerdx11-32/missing makeinfo'
MKDIR_P='/bin/mkdir -p'
OBJEXT='o'
PACKAGE='cpuminer'
PACKAGE_BUGREPORT=''
PACKAGE_NAME='cpuminer'
PACKAGE_STRING='cpuminer 2.3.2'
PACKAGE_TARNAME='cpuminer'
PACKAGE_URL=''
PACKAGE_VERSION='2.3.2'
PATH_SEPARATOR=':'
PTHREAD_FLAGS=''
PTHREAD_LIBS='-lpthread'
RANLIB='i686-w64-mingw32-ranlib'
SET_MAKE=''
SHELL='/bin/bash'
STRIP='i686-w64-mingw32-strip'
VERSION='2.3.2'
WANT_JANSSON_FALSE='#'
WANT_JANSSON_TRUE=''
WS2_LIBS='-lws2_32'
_libcurl_config=''
ac_ct_CC=''
am__EXEEXT_FALSE='#'
am__EXEEXT_TRUE=''
am__fastdepCCAS_FALSE='#'
am__fastdepCCAS_TRUE=''
am__fastdepCC_FALSE='#'
am__fastdepCC_TRUE=''
am__include='include'
am__isrc=''
am__leading_dot='.'
am__nodep='_no'
am__quote=''
am__tar='$${TAR-tar} chof - "$$tardir"'
am__untar='$${TAR-tar} xf -'
bindir='${exec_prefix}/bin'
build='x86_64-pc-linux-gnu'
build_alias=''
build_cpu='x86_64'
build_os='linux-gnu'
build_vendor='pc'
datadir='${datarootdir}'
datarootdir='${prefix}/share'
docdir='${datarootdir}/doc/${PACKAGE_TARNAME}'
dvidir='${docdir}'
exec_prefix='${prefix}'
host='i686-w64-mingw32'
host_alias='i686-w64-mingw32'
host_cpu='i686'
host_os='mingw32'
host_vendor='w64'
htmldir='${docdir}'
includedir='${prefix}/include'
infodir='${datarootdir}/info'
install_sh='${SHELL} /home/user/minerdx11-32/install-sh'
libdir='${exec_prefix}/lib'
libexecdir='${exec_prefix}/libexec'
localedir='${datarootdir}/locale'
localstatedir='${prefix}/var'
mandir='${datarootdir}/man'
mkdir_p='$(MKDIR_P)'
oldincludedir='/usr/include'
pdfdir='${docdir}'
prefix='/usr/local'
program_transform_name='s,x,x,'
psdir='${docdir}'
runstatedir='${localstatedir}/run'
sbindir='${exec_prefix}/sbin'
sharedstatedir='${prefix}/com'
sysconfdir='${prefix}/etc'
target='i686-w64-mingw32'
target_alias=''
target_cpu='i686'
target_os='mingw32'
target_vendor='w64'

## ----------- ##
## confdefs.h. ##
## ----------- ##

/* confdefs.h */
#define PACKAGE_NAME "cpuminer"
#define PACKAGE_TARNAME "cpuminer"
#define PACKAGE_VERSION "2.3.2"
#define PACKAGE_STRING "cpuminer 2.3.2"
#define PACKAGE_BUGREPORT ""
#define PACKAGE_URL ""
#define PACKAGE "cpuminer"
#define VERSION "2.3.2"
#define STDC_HEADERS 1
#define HAVE_SYS_TYPES_H 1
#define HAVE_SYS_STAT_H 1
#define HAVE_STDLIB_H 1
#define HAVE_STRING_H 1
#define HAVE_MEMORY_H 1
#define HAVE_STRINGS_H 1
#define HAVE_INTTYPES_H 1
#define HAVE_STDINT_H 1
#define HAVE_UNISTD_H 1
#define HAVE_SYS_PARAM_H 1
#define HAVE_DECL_BE32DEC 0
#define HAVE_DECL_LE32DEC 0
#define HAVE_DECL_BE32ENC 0
#define HAVE_DECL_LE32ENC 0
#define HAVE_ALLOCA 1
#define HAVE_GETOPT_LONG 1
#define USE_AVX 1
#define USE_XOP 1
#define USE_AVX2 1
#define HAVE_LIBCURL 1
#define LIBCURL_FEATURE_SSL 1
#define LIBCURL_FEATURE_SSPI 1
#define LIBCURL_FEATURE_SPNEGO 1
#define LIBCURL_FEATURE_KERBEROS 1
#define LIBCURL_FEATURE_NTLM 1
#define LIBCURL_PROTOCOL_DICT 1
#define LIBCURL_PROTOCOL_FILE 1
#define LIBCURL_PROTOCOL_FTP 1
#define LIBCURL_PROTOCOL_FTPS 1
#define LIBCURL_PROTOCOL_GOPHER 1
#define LIBCURL_PROTOCOL_HTTP 1
#define LIBCURL_PROTOCOL_HTTPS 1
#define LIBCURL_PROTOCOL_IMAP 1
#define LIBCURL_PROTOCOL_IMAPS 1
#define LIBCURL_PROTOCOL_LDAP 1
#define LIBCURL_PROTOCOL_LDAPS 1
#define LIBCURL_PROTOCOL_POP3 1
#define LIBCURL_PROTOCOL_POP3S 1
#define LIBCURL_PROTOCOL_RTSP 1
#define LIBCURL_PROTOCOL_SMB 1
#define LIBCURL_PROTOCOL_SMBS 1
#define LIBCURL_PROTOCOL_SMTP 1
#define LIBCURL_PROTOCOL_SMTPS 1
#define LIBCURL_PROTOCOL_TELNET 1
#define LIBCURL_PROTOCOL_TFTP 1

configure: exit 0
